This file contains any messages produced by compilers while
running configure, to aid debugging if configure makes a mistake.

It was created by NetworkManager configure 0.9.8.8, which was
generated by GNU Autoconf 2.69.  Invocation command line was

  $ ./configure 

## --------- ##
## Platform. ##
## --------- ##

hostname = pi5
uname -m = aarch64
uname -r = 6.1.0-rpi8-rpi-2712
uname -s = Linux
uname -v = #1 SMP PREEMPT Debian 1:6.1.73-1+rpt1 (2024-01-25)

/usr/bin/uname -p = unknown
/bin/uname -X     = unknown

/bin/arch              = aarch64
/usr/bin/arch -k       = unknown
/usr/convex/getsysinfo = unknown
/usr/bin/hostinfo      = unknown
/bin/machine           = unknown
/usr/bin/oslevel       = unknown
/bin/universe          = unknown

PATH: /usr/local/sbin
PATH: /usr/local/bin
PATH: /usr/sbin
PATH: /usr/bin
PATH: /sbin
PATH: /bin


## ----------- ##
## Core tests. ##
## ----------- ##

configure:2855: checking for a BSD-compatible install
configure:2923: result: /usr/bin/install -c
configure:2934: checking whether build environment is sane
configure:2989: result: yes
configure:3140: checking for a thread-safe mkdir -p
configure:3179: result: /usr/bin/mkdir -p
configure:3186: checking for gawk
configure:3216: result: no
configure:3186: checking for mawk
configure:3202: found /usr/bin/mawk
configure:3213: result: mawk
configure:3224: checking whether make sets $(MAKE)
configure:3246: result: yes
configure:3275: checking whether make supports nested variables
configure:3292: result: yes
configure:3381: checking whether UID '0' is supported by ustar format
configure:3384: result: yes
configure:3391: checking whether GID '0' is supported by ustar format
configure:3394: result: yes
configure:3402: checking how to create a ustar tar archive
configure:3413: tar --version
tar (GNU tar) 1.34
Copyright (C) 2021 Free Software Foundation, Inc.
License GPLv3+: GNU GPL version 3 or later <https://gnu.org/licenses/gpl.html>.
This is free software: you are free to change and redistribute it.
There is NO WARRANTY, to the extent permitted by law.

Written by John Gilmore and Jay Fenlason.
configure:3416: $? = 0
configure:3456: tardir=conftest.dir && eval tar --format=ustar -chf - "$tardir" >conftest.tar
configure:3459: $? = 0
configure:3463: tar -xf - <conftest.tar
configure:3466: $? = 0
configure:3468: cat conftest.dir/file
GrepMe
configure:3471: $? = 0
configure:3484: result: gnutar
configure:3493: checking whether to enable maintainer-specific portions of Makefiles
configure:3502: result: yes
configure:3526: checking whether make supports nested variables
configure:3543: result: yes
configure:3567: checking for style of include used by make
configure:3595: result: GNU
configure:3666: checking for gcc
configure:3682: found /usr/bin/gcc
configure:3693: result: gcc
configure:3922: checking for C compiler version
configure:3931: gcc --version >&5
gcc (Debian 12.2.0-14) 12.2.0
Copyright (C) 2022 Free Software Foundation, Inc.
This is free software; see the source for copying conditions.  There is NO
warranty; not even for MERCHANTABILITY or FITNESS FOR A PARTICULAR PURPOSE.

configure:3942: $? = 0
configure:3931: gcc -v >&5
Using built-in specs.
COLLECT_GCC=gcc
COLLECT_LTO_WRAPPER=/usr/lib/gcc/aarch64-linux-gnu/12/lto-wrapper
Target: aarch64-linux-gnu
Configured with: ../src/configure -v --with-pkgversion='Debian 12.2.0-14' --with-bugurl=file:///usr/share/doc/gcc-12/README.Bugs --enable-languages=c,ada,c++,go,d,fortran,objc,obj-c++,m2 --prefix=/usr --with-gcc-major-version-only --program-suffix=-12 --program-prefix=aarch64-linux-gnu- --enable-shared --enable-linker-build-id --libexecdir=/usr/lib --without-included-gettext --enable-threads=posix --libdir=/usr/lib --enable-nls --enable-clocale=gnu --enable-libstdcxx-debug --enable-libstdcxx-time=yes --with-default-libstdcxx-abi=new --enable-gnu-unique-object --disable-libquadmath --disable-libquadmath-support --enable-plugin --enable-default-pie --with-system-zlib --enable-libphobos-checking=release --with-target-system-zlib=auto --enable-objc-gc=auto --enable-multiarch --enable-fix-cortex-a53-843419 --disable-werror --enable-checking=release --build=aarch64-linux-gnu --host=aarch64-linux-gnu --target=aarch64-linux-gnu
Thread model: posix
Supported LTO compression algorithms: zlib zstd
gcc version 12.2.0 (Debian 12.2.0-14) 
configure:3942: $? = 0
configure:3931: gcc -V >&5
gcc: error: unrecognized command-line option '-V'
gcc: fatal error: no input files
compilation terminated.
configure:3942: $? = 1
configure:3931: gcc -qversion >&5
gcc: error: unrecognized command-line option '-qversion'; did you mean '--version'?
gcc: fatal error: no input files
compilation terminated.
configure:3942: $? = 1
configure:3962: checking whether the C compiler works
configure:3984: gcc    conftest.c  >&5
configure:3988: $? = 0
configure:4036: result: yes
configure:4039: checking for C compiler default output file name
configure:4041: result: a.out
configure:4047: checking for suffix of executables
configure:4054: gcc -o conftest    conftest.c  >&5
configure:4058: $? = 0
configure:4080: result: 
configure:4102: checking whether we are cross compiling
configure:4110: gcc -o conftest    conftest.c  >&5
configure:4114: $? = 0
configure:4121: ./conftest
configure:4125: $? = 0
configure:4140: result: no
configure:4145: checking for suffix of object files
configure:4167: gcc -c   conftest.c >&5
configure:4171: $? = 0
configure:4192: result: o
configure:4196: checking whether we are using the GNU C compiler
configure:4215: gcc -c   conftest.c >&5
configure:4215: $? = 0
configure:4224: result: yes
configure:4233: checking whether gcc accepts -g
configure:4253: gcc -c -g  conftest.c >&5
configure:4253: $? = 0
configure:4294: result: yes
configure:4311: checking for gcc option to accept ISO C89
configure:4374: gcc  -c -g -O2  conftest.c >&5
configure:4374: $? = 0
configure:4387: result: none needed
configure:4409: checking dependency style of gcc
configure:4520: result: gcc3
configure:4541: checking how to run the C preprocessor
configure:4572: gcc -E  conftest.c
configure:4572: $? = 0
configure:4586: gcc -E  conftest.c
conftest.c:11:10: fatal error: ac_nonexistent.h: No such file or directory
   11 | #include <ac_nonexistent.h>
      |          ^~~~~~~~~~~~~~~~~~
compilation terminated.
configure:4586: $? = 1
configure: failed program was:
| /* confdefs.h */
| #define PACKAGE_NAME "NetworkManager"
| #define PACKAGE_TARNAME "NetworkManager"
| #define PACKAGE_VERSION "0.9.8.8"
| #define PACKAGE_STRING "NetworkManager 0.9.8.8"
| #define PACKAGE_BUGREPORT "http://bugzilla.gnome.org/enter_bug.cgi?product=NetworkManager"
| #define PACKAGE_URL ""
| #define PACKAGE "NetworkManager"
| #define VERSION "0.9.8.8"
| /* end confdefs.h.  */
| #include <ac_nonexistent.h>
configure:4611: result: gcc -E
configure:4631: gcc -E  conftest.c
configure:4631: $? = 0
configure:4645: gcc -E  conftest.c
conftest.c:11:10: fatal error: ac_nonexistent.h: No such file or directory
   11 | #include <ac_nonexistent.h>
      |          ^~~~~~~~~~~~~~~~~~
compilation terminated.
configure:4645: $? = 1
configure: failed program was:
| /* confdefs.h */
| #define PACKAGE_NAME "NetworkManager"
| #define PACKAGE_TARNAME "NetworkManager"
| #define PACKAGE_VERSION "0.9.8.8"
| #define PACKAGE_STRING "NetworkManager 0.9.8.8"
| #define PACKAGE_BUGREPORT "http://bugzilla.gnome.org/enter_bug.cgi?product=NetworkManager"
| #define PACKAGE_URL ""
| #define PACKAGE "NetworkManager"
| #define VERSION "0.9.8.8"
| /* end confdefs.h.  */
| #include <ac_nonexistent.h>
configure:4674: checking for grep that handles long lines and -e
configure:4732: result: /usr/bin/grep
configure:4737: checking for egrep
configure:4799: result: /usr/bin/grep -E
configure:4804: checking for ANSI C header files
configure:4824: gcc -c -g -O2  conftest.c >&5
configure:4824: $? = 0
configure:4897: gcc -o conftest -g -O2   conftest.c  >&5
configure:4897: $? = 0
configure:4897: ./conftest
configure:4897: $? = 0
configure:4908: result: yes
configure:4921: checking for sys/types.h
configure:4921: gcc -c -g -O2  conftest.c >&5
configure:4921: $? = 0
configure:4921: result: yes
configure:4921: checking for sys/stat.h
configure:4921: gcc -c -g -O2  conftest.c >&5
configure:4921: $? = 0
configure:4921: result: yes
configure:4921: checking for stdlib.h
configure:4921: gcc -c -g -O2  conftest.c >&5
configure:4921: $? = 0
configure:4921: result: yes
configure:4921: checking for string.h
configure:4921: gcc -c -g -O2  conftest.c >&5
configure:4921: $? = 0
configure:4921: result: yes
configure:4921: checking for memory.h
configure:4921: gcc -c -g -O2  conftest.c >&5
configure:4921: $? = 0
configure:4921: result: yes
configure:4921: checking for strings.h
configure:4921: gcc -c -g -O2  conftest.c >&5
configure:4921: $? = 0
configure:4921: result: yes
configure:4921: checking for inttypes.h
configure:4921: gcc -c -g -O2  conftest.c >&5
configure:4921: $? = 0
configure:4921: result: yes
configure:4921: checking for stdint.h
configure:4921: gcc -c -g -O2  conftest.c >&5
configure:4921: $? = 0
configure:4921: result: yes
configure:4921: checking for unistd.h
configure:4921: gcc -c -g -O2  conftest.c >&5
configure:4921: $? = 0
configure:4921: result: yes
configure:4934: checking minix/config.h usability
configure:4934: gcc -c -g -O2  conftest.c >&5
conftest.c:54:10: fatal error: minix/config.h: No such file or directory
   54 | #include <minix/config.h>
      |          ^~~~~~~~~~~~~~~~
compilation terminated.
configure:4934: $? = 1
configure: failed program was:
| /* confdefs.h */
| #define PACKAGE_NAME "NetworkManager"
| #define PACKAGE_TARNAME "NetworkManager"
| #define PACKAGE_VERSION "0.9.8.8"
| #define PACKAGE_STRING "NetworkManager 0.9.8.8"
| #define PACKAGE_BUGREPORT "http://bugzilla.gnome.org/enter_bug.cgi?product=NetworkManager"
| #define PACKAGE_URL ""
| #define PACKAGE "NetworkManager"
| #define VERSION "0.9.8.8"
| #define STDC_HEADERS 1
| #define HAVE_SYS_TYPES_H 1
| #define HAVE_SYS_STAT_H 1
| #define HAVE_STDLIB_H 1
| #define HAVE_STRING_H 1
| #define HAVE_MEMORY_H 1
| #define HAVE_STRINGS_H 1
| #define HAVE_INTTYPES_H 1
| #define HAVE_STDINT_H 1
| #define HAVE_UNISTD_H 1
| /* end confdefs.h.  */
| #include <stdio.h>
| #ifdef HAVE_SYS_TYPES_H
| # include <sys/types.h>
| #endif
| #ifdef HAVE_SYS_STAT_H
| # include <sys/stat.h>
| #endif
| #ifdef STDC_HEADERS
| # include <stdlib.h>
| # include <stddef.h>
| #else
| # ifdef HAVE_STDLIB_H
| #  include <stdlib.h>
| # endif
| #endif
| #ifdef HAVE_STRING_H
| # if !defined STDC_HEADERS && defined HAVE_MEMORY_H
| #  include <memory.h>
| # endif
| # include <string.h>
| #endif
| #ifdef HAVE_STRINGS_H
| # include <strings.h>
| #endif
| #ifdef HAVE_INTTYPES_H
| # include <inttypes.h>
| #endif
| #ifdef HAVE_STDINT_H
| # include <stdint.h>
| #endif
| #ifdef HAVE_UNISTD_H
| # include <unistd.h>
| #endif
| #include <minix/config.h>
configure:4934: result: no
configure:4934: checking minix/config.h presence
configure:4934: gcc -E  conftest.c
conftest.c:21:10: fatal error: minix/config.h: No such file or directory
   21 | #include <minix/config.h>
      |          ^~~~~~~~~~~~~~~~
compilation terminated.
configure:4934: $? = 1
configure: failed program was:
| /* confdefs.h */
| #define PACKAGE_NAME "NetworkManager"
| #define PACKAGE_TARNAME "NetworkManager"
| #define PACKAGE_VERSION "0.9.8.8"
| #define PACKAGE_STRING "NetworkManager 0.9.8.8"
| #define PACKAGE_BUGREPORT "http://bugzilla.gnome.org/enter_bug.cgi?product=NetworkManager"
| #define PACKAGE_URL ""
| #define PACKAGE "NetworkManager"
| #define VERSION "0.9.8.8"
| #define STDC_HEADERS 1
| #define HAVE_SYS_TYPES_H 1
| #define HAVE_SYS_STAT_H 1
| #define HAVE_STDLIB_H 1
| #define HAVE_STRING_H 1
| #define HAVE_MEMORY_H 1
| #define HAVE_STRINGS_H 1
| #define HAVE_INTTYPES_H 1
| #define HAVE_STDINT_H 1
| #define HAVE_UNISTD_H 1
| /* end confdefs.h.  */
| #include <minix/config.h>
configure:4934: result: no
configure:4934: checking for minix/config.h
configure:4934: result: no
configure:4955: checking whether it is safe to define __EXTENSIONS__
configure:4973: gcc -c -g -O2  conftest.c >&5
configure:4973: $? = 0
configure:4980: result: yes
configure:5043: checking for gcc
configure:5070: result: gcc
configure:5299: checking for C compiler version
configure:5308: gcc --version >&5
gcc (Debian 12.2.0-14) 12.2.0
Copyright (C) 2022 Free Software Foundation, Inc.
This is free software; see the source for copying conditions.  There is NO
warranty; not even for MERCHANTABILITY or FITNESS FOR A PARTICULAR PURPOSE.

configure:5319: $? = 0
configure:5308: gcc -v >&5
Using built-in specs.
COLLECT_GCC=gcc
COLLECT_LTO_WRAPPER=/usr/lib/gcc/aarch64-linux-gnu/12/lto-wrapper
Target: aarch64-linux-gnu
Configured with: ../src/configure -v --with-pkgversion='Debian 12.2.0-14' --with-bugurl=file:///usr/share/doc/gcc-12/README.Bugs --enable-languages=c,ada,c++,go,d,fortran,objc,obj-c++,m2 --prefix=/usr --with-gcc-major-version-only --program-suffix=-12 --program-prefix=aarch64-linux-gnu- --enable-shared --enable-linker-build-id --libexecdir=/usr/lib --without-included-gettext --enable-threads=posix --libdir=/usr/lib --enable-nls --enable-clocale=gnu --enable-libstdcxx-debug --enable-libstdcxx-time=yes --with-default-libstdcxx-abi=new --enable-gnu-unique-object --disable-libquadmath --disable-libquadmath-support --enable-plugin --enable-default-pie --with-system-zlib --enable-libphobos-checking=release --with-target-system-zlib=auto --enable-objc-gc=auto --enable-multiarch --enable-fix-cortex-a53-843419 --disable-werror --enable-checking=release --build=aarch64-linux-gnu --host=aarch64-linux-gnu --target=aarch64-linux-gnu
Thread model: posix
Supported LTO compression algorithms: zlib zstd
gcc version 12.2.0 (Debian 12.2.0-14) 
configure:5319: $? = 0
configure:5308: gcc -V >&5
gcc: error: unrecognized command-line option '-V'
gcc: fatal error: no input files
compilation terminated.
configure:5319: $? = 1
configure:5308: gcc -qversion >&5
gcc: error: unrecognized command-line option '-qversion'; did you mean '--version'?
gcc: fatal error: no input files
compilation terminated.
configure:5319: $? = 1
configure:5323: checking whether we are using the GNU C compiler
configure:5351: result: yes
configure:5360: checking whether gcc accepts -g
configure:5421: result: yes
configure:5438: checking for gcc option to accept ISO C89
configure:5514: result: none needed
configure:5536: checking dependency style of gcc
configure:5647: result: gcc3
configure:5663: checking whether gcc and cc understand -c and -o together
configure:5694: gcc -c conftest.c -o conftest2.o >&5
configure:5698: $? = 0
configure:5704: gcc -c conftest.c -o conftest2.o >&5
configure:5708: $? = 0
configure:5719: cc -c conftest.c >&5
configure:5723: $? = 0
configure:5731: cc -c conftest.c -o conftest2.o >&5
configure:5735: $? = 0
configure:5741: cc -c conftest.c -o conftest2.o >&5
configure:5745: $? = 0
configure:5763: result: yes
configure:5849: checking for g++
configure:5865: found /usr/bin/g++
configure:5876: result: g++
configure:5903: checking for C++ compiler version
configure:5912: g++ --version >&5
g++ (Debian 12.2.0-14) 12.2.0
Copyright (C) 2022 Free Software Foundation, Inc.
This is free software; see the source for copying conditions.  There is NO
warranty; not even for MERCHANTABILITY or FITNESS FOR A PARTICULAR PURPOSE.

configure:5923: $? = 0
configure:5912: g++ -v >&5
Using built-in specs.
COLLECT_GCC=g++
COLLECT_LTO_WRAPPER=/usr/lib/gcc/aarch64-linux-gnu/12/lto-wrapper
Target: aarch64-linux-gnu
Configured with: ../src/configure -v --with-pkgversion='Debian 12.2.0-14' --with-bugurl=file:///usr/share/doc/gcc-12/README.Bugs --enable-languages=c,ada,c++,go,d,fortran,objc,obj-c++,m2 --prefix=/usr --with-gcc-major-version-only --program-suffix=-12 --program-prefix=aarch64-linux-gnu- --enable-shared --enable-linker-build-id --libexecdir=/usr/lib --without-included-gettext --enable-threads=posix --libdir=/usr/lib --enable-nls --enable-clocale=gnu --enable-libstdcxx-debug --enable-libstdcxx-time=yes --with-default-libstdcxx-abi=new --enable-gnu-unique-object --disable-libquadmath --disable-libquadmath-support --enable-plugin --enable-default-pie --with-system-zlib --enable-libphobos-checking=release --with-target-system-zlib=auto --enable-objc-gc=auto --enable-multiarch --enable-fix-cortex-a53-843419 --disable-werror --enable-checking=release --build=aarch64-linux-gnu --host=aarch64-linux-gnu --target=aarch64-linux-gnu
Thread model: posix
Supported LTO compression algorithms: zlib zstd
gcc version 12.2.0 (Debian 12.2.0-14) 
configure:5923: $? = 0
configure:5912: g++ -V >&5
g++: error: unrecognized command-line option '-V'
g++: fatal error: no input files
compilation terminated.
configure:5923: $? = 1
configure:5912: g++ -qversion >&5
g++: error: unrecognized command-line option '-qversion'; did you mean '--version'?
g++: fatal error: no input files
compilation terminated.
configure:5923: $? = 1
configure:5927: checking whether we are using the GNU C++ compiler
configure:5946: g++ -c   conftest.cpp >&5
configure:5946: $? = 0
configure:5955: result: yes
configure:5964: checking whether g++ accepts -g
configure:5984: g++ -c -g  conftest.cpp >&5
configure:5984: $? = 0
configure:6025: result: yes
configure:6050: checking dependency style of g++
configure:6161: result: gcc3
configure:6207: checking build system type
configure:6221: result: aarch64-unknown-linux-gnu
configure:6241: checking host system type
configure:6254: result: aarch64-unknown-linux-gnu
configure:6295: checking how to print strings
configure:6322: result: printf
configure:6343: checking for a sed that does not truncate output
configure:6407: result: /usr/bin/sed
configure:6425: checking for fgrep
configure:6487: result: /usr/bin/grep -F
configure:6522: checking for ld used by gcc
configure:6589: result: /usr/bin/ld
configure:6596: checking if the linker (/usr/bin/ld) is GNU ld
configure:6611: result: yes
configure:6623: checking for BSD- or MS-compatible name lister (nm)
configure:6672: result: /usr/bin/nm -B
configure:6802: checking the name lister (/usr/bin/nm -B) interface
configure:6809: gcc -c -g -O2  conftest.c >&5
configure:6812: /usr/bin/nm -B "conftest.o"
configure:6815: output
0000000000000000 B some_variable
configure:6822: result: BSD nm
configure:6825: checking whether ln -s works
configure:6829: result: yes
configure:6837: checking the maximum length of command line arguments
configure:6967: result: 1572864
configure:6984: checking whether the shell understands some XSI constructs
configure:6994: result: yes
configure:6998: checking whether the shell understands "+="
configure:7004: result: yes
configure:7039: checking how to convert aarch64-unknown-linux-gnu file names to aarch64-unknown-linux-gnu format
configure:7079: result: func_convert_file_noop
configure:7086: checking how to convert aarch64-unknown-linux-gnu file names to toolchain format
configure:7106: result: func_convert_file_noop
configure:7113: checking for /usr/bin/ld option to reload object files
configure:7120: result: -r
configure:7194: checking for objdump
configure:7210: found /usr/bin/objdump
configure:7221: result: objdump
configure:7253: checking how to recognize dependent libraries
configure:7455: result: pass_all
configure:7540: checking for dlltool
configure:7570: result: no
configure:7600: checking how to associate runtime and link libraries
configure:7627: result: printf %s\n
configure:7687: checking for ar
configure:7703: found /usr/bin/ar
configure:7714: result: ar
configure:7751: checking for archiver @FILE support
configure:7768: gcc -c -g -O2  conftest.c >&5
configure:7768: $? = 0
configure:7771: ar cru libconftest.a @conftest.lst >&5
ar: `u' modifier ignored since `D' is the default (see `U')
configure:7774: $? = 0
configure:7779: ar cru libconftest.a @conftest.lst >&5
ar: `u' modifier ignored since `D' is the default (see `U')
ar: conftest.o: No such file or directory
configure:7782: $? = 1
configure:7794: result: @
configure:7852: checking for strip
configure:7868: found /usr/bin/strip
configure:7879: result: strip
configure:7951: checking for ranlib
configure:7967: found /usr/bin/ranlib
configure:7978: result: ranlib
configure:8080: checking command to parse /usr/bin/nm -B output from gcc object
configure:8200: gcc -c -g -O2  conftest.c >&5
configure:8203: $? = 0
configure:8207: /usr/bin/nm -B conftest.o \| sed -n -e 's/^.*[ ]\([ABCDGIRSTW][ABCDGIRSTW]*\)[ ][ ]*\([_A-Za-z][_A-Za-z0-9]*\)$/\1 \2 \2/p' | sed '/ __gnu_lto/d' \> conftest.nm
configure:8210: $? = 0
configure:8276: gcc -o conftest -g -O2   conftest.c conftstm.o >&5
configure:8279: $? = 0
configure:8317: result: ok
configure:8354: checking for sysroot
configure:8384: result: no
configure:8640: checking for mt
configure:8656: found /usr/bin/mt
configure:8667: result: mt
configure:8690: checking if mt is a manifest tool
configure:8696: mt '-?'
configure:8704: result: no
configure:9343: checking for dlfcn.h
configure:9343: gcc -c -g -O2  conftest.c >&5
configure:9343: $? = 0
configure:9343: result: yes
configure:9559: checking for objdir
configure:9574: result: .libs
configure:9845: checking if gcc supports -fno-rtti -fno-exceptions
configure:9863: gcc -c -g -O2  -fno-rtti -fno-exceptions conftest.c >&5
cc1: warning: command-line option '-fno-rtti' is valid for C++/D/ObjC++ but not for C
configure:9867: $? = 0
configure:9880: result: no
configure:10207: checking for gcc option to produce PIC
configure:10214: result: -fPIC -DPIC
configure:10222: checking if gcc PIC flag -fPIC -DPIC works
configure:10240: gcc -c -g -O2  -fPIC -DPIC -DPIC conftest.c >&5
configure:10244: $? = 0
configure:10257: result: yes
configure:10286: checking if gcc static flag -static works
configure:10314: result: yes
configure:10329: checking if gcc supports -c -o file.o
configure:10350: gcc -c -g -O2  -o out/conftest2.o conftest.c >&5
configure:10354: $? = 0
configure:10376: result: yes
configure:10384: checking if gcc supports -c -o file.o
configure:10431: result: yes
configure:10464: checking whether the gcc linker (/usr/bin/ld) supports shared libraries
configure:11617: result: yes
configure:11654: checking whether -lc should be explicitly linked in
configure:11662: gcc -c -g -O2  conftest.c >&5
configure:11665: $? = 0
configure:11680: gcc -shared  -fPIC -DPIC conftest.o  -v -Wl,-soname -Wl,conftest -o conftest 2\>\&1 \| /usr/bin/grep  -lc  \>/dev/null 2\>\&1
configure:11683: $? = 0
configure:11697: result: no
configure:11857: checking dynamic linker characteristics
configure:12368: gcc -o conftest -g -O2   -Wl,-rpath -Wl,/foo conftest.c  >&5
configure:12368: $? = 0
configure:12594: result: GNU/Linux ld.so
configure:12701: checking how to hardcode library paths into programs
configure:12726: result: immediate
configure:13266: checking whether stripping libraries is possible
configure:13271: result: yes
configure:13306: checking if libtool supports shared libraries
configure:13308: result: yes
configure:13311: checking whether to build shared libraries
configure:13332: result: yes
configure:13335: checking whether to build static libraries
configure:13339: result: no
configure:13362: checking how to run the C++ preprocessor
configure:13389: g++ -E  conftest.cpp
configure:13389: $? = 0
configure:13403: g++ -E  conftest.cpp
conftest.cpp:28:10: fatal error: ac_nonexistent.h: No such file or directory
   28 | #include <ac_nonexistent.h>
      |          ^~~~~~~~~~~~~~~~~~
compilation terminated.
configure:13403: $? = 1
configure: failed program was:
| /* confdefs.h */
| #define PACKAGE_NAME "NetworkManager"
| #define PACKAGE_TARNAME "NetworkManager"
| #define PACKAGE_VERSION "0.9.8.8"
| #define PACKAGE_STRING "NetworkManager 0.9.8.8"
| #define PACKAGE_BUGREPORT "http://bugzilla.gnome.org/enter_bug.cgi?product=NetworkManager"
| #define PACKAGE_URL ""
| #define PACKAGE "NetworkManager"
| #define VERSION "0.9.8.8"
| #define STDC_HEADERS 1
| #define HAVE_SYS_TYPES_H 1
| #define HAVE_SYS_STAT_H 1
| #define HAVE_STDLIB_H 1
| #define HAVE_STRING_H 1
| #define HAVE_MEMORY_H 1
| #define HAVE_STRINGS_H 1
| #define HAVE_INTTYPES_H 1
| #define HAVE_STDINT_H 1
| #define HAVE_UNISTD_H 1
| #define __EXTENSIONS__ 1
| #define _ALL_SOURCE 1
| #define _GNU_SOURCE 1
| #define _POSIX_PTHREAD_SEMANTICS 1
| #define _TANDEM_SOURCE 1
| #define HAVE_DLFCN_H 1
| #define LT_OBJDIR ".libs/"
| /* end confdefs.h.  */
| #include <ac_nonexistent.h>
configure:13428: result: g++ -E
configure:13448: g++ -E  conftest.cpp
configure:13448: $? = 0
configure:13462: g++ -E  conftest.cpp
conftest.cpp:28:10: fatal error: ac_nonexistent.h: No such file or directory
   28 | #include <ac_nonexistent.h>
      |          ^~~~~~~~~~~~~~~~~~
compilation terminated.
configure:13462: $? = 1
configure: failed program was:
| /* confdefs.h */
| #define PACKAGE_NAME "NetworkManager"
| #define PACKAGE_TARNAME "NetworkManager"
| #define PACKAGE_VERSION "0.9.8.8"
| #define PACKAGE_STRING "NetworkManager 0.9.8.8"
| #define PACKAGE_BUGREPORT "http://bugzilla.gnome.org/enter_bug.cgi?product=NetworkManager"
| #define PACKAGE_URL ""
| #define PACKAGE "NetworkManager"
| #define VERSION "0.9.8.8"
| #define STDC_HEADERS 1
| #define HAVE_SYS_TYPES_H 1
| #define HAVE_SYS_STAT_H 1
| #define HAVE_STDLIB_H 1
| #define HAVE_STRING_H 1
| #define HAVE_MEMORY_H 1
| #define HAVE_STRINGS_H 1
| #define HAVE_INTTYPES_H 1
| #define HAVE_STDINT_H 1
| #define HAVE_UNISTD_H 1
| #define __EXTENSIONS__ 1
| #define _ALL_SOURCE 1
| #define _GNU_SOURCE 1
| #define _POSIX_PTHREAD_SEMANTICS 1
| #define _TANDEM_SOURCE 1
| #define HAVE_DLFCN_H 1
| #define LT_OBJDIR ".libs/"
| /* end confdefs.h.  */
| #include <ac_nonexistent.h>
configure:13631: checking for ld used by g++
configure:13698: result: /usr/bin/ld
configure:13705: checking if the linker (/usr/bin/ld) is GNU ld
configure:13720: result: yes
configure:13775: checking whether the g++ linker (/usr/bin/ld) supports shared libraries
configure:14780: result: yes
configure:14816: g++ -c -g -O2  conftest.cpp >&5
configure:14819: $? = 0
configure:15339: checking for g++ option to produce PIC
configure:15346: result: -fPIC -DPIC
configure:15354: checking if g++ PIC flag -fPIC -DPIC works
configure:15372: g++ -c -g -O2  -fPIC -DPIC -DPIC conftest.cpp >&5
configure:15376: $? = 0
configure:15389: result: yes
configure:15412: checking if g++ static flag -static works
configure:15440: result: yes
configure:15452: checking if g++ supports -c -o file.o
configure:15473: g++ -c -g -O2  -o out/conftest2.o conftest.cpp >&5
configure:15477: $? = 0
configure:15499: result: yes
configure:15504: checking if g++ supports -c -o file.o
configure:15551: result: yes
configure:15581: checking whether the g++ linker (/usr/bin/ld) supports shared libraries
configure:15617: result: yes
configure:15758: checking dynamic linker characteristics
configure:16429: result: GNU/Linux ld.so
configure:16482: checking how to hardcode library paths into programs
configure:16507: result: immediate
configure:16578: checking for ANSI C header files
configure:16682: result: yes
configure:16693: checking fcntl.h usability
configure:16693: gcc -c -g -O2  conftest.c >&5
configure:16693: $? = 0
configure:16693: result: yes
configure:16693: checking fcntl.h presence
configure:16693: gcc -E  conftest.c
configure:16693: $? = 0
configure:16693: result: yes
configure:16693: checking for fcntl.h
configure:16693: result: yes
configure:16693: checking paths.h usability
configure:16693: gcc -c -g -O2  conftest.c >&5
configure:16693: $? = 0
configure:16693: result: yes
configure:16693: checking paths.h presence
configure:16693: gcc -E  conftest.c
configure:16693: $? = 0
configure:16693: result: yes
configure:16693: checking for paths.h
configure:16693: result: yes
configure:16693: checking sys/ioctl.h usability
configure:16693: gcc -c -g -O2  conftest.c >&5
configure:16693: $? = 0
configure:16693: result: yes
configure:16693: checking sys/ioctl.h presence
configure:16693: gcc -E  conftest.c
configure:16693: $? = 0
configure:16693: result: yes
configure:16693: checking for sys/ioctl.h
configure:16693: result: yes
configure:16693: checking sys/time.h usability
configure:16693: gcc -c -g -O2  conftest.c >&5
configure:16693: $? = 0
configure:16693: result: yes
configure:16693: checking sys/time.h presence
configure:16693: gcc -E  conftest.c
configure:16693: $? = 0
configure:16693: result: yes
configure:16693: checking for sys/time.h
configure:16693: result: yes
configure:16693: checking syslog.h usability
configure:16693: gcc -c -g -O2  conftest.c >&5
configure:16693: $? = 0
configure:16693: result: yes
configure:16693: checking syslog.h presence
configure:16693: gcc -E  conftest.c
configure:16693: $? = 0
configure:16693: result: yes
configure:16693: checking for syslog.h
configure:16693: result: yes
configure:16693: checking for unistd.h
configure:16693: result: yes
configure:16704: checking for mode_t
configure:16704: gcc -c -g -O2  conftest.c >&5
configure:16704: $? = 0
configure:16704: gcc -c -g -O2  conftest.c >&5
conftest.c: In function 'main':
conftest.c:71:21: error: expected expression before ')' token
   71 | if (sizeof ((mode_t)))
      |                     ^
configure:16704: $? = 1
configure: failed program was:
| /* confdefs.h */
| #define PACKAGE_NAME "NetworkManager"
| #define PACKAGE_TARNAME "NetworkManager"
| #define PACKAGE_VERSION "0.9.8.8"
| #define PACKAGE_STRING "NetworkManager 0.9.8.8"
| #define PACKAGE_BUGREPORT "http://bugzilla.gnome.org/enter_bug.cgi?product=NetworkManager"
| #define PACKAGE_URL ""
| #define PACKAGE "NetworkManager"
| #define VERSION "0.9.8.8"
| #define STDC_HEADERS 1
| #define HAVE_SYS_TYPES_H 1
| #define HAVE_SYS_STAT_H 1
| #define HAVE_STDLIB_H 1
| #define HAVE_STRING_H 1
| #define HAVE_MEMORY_H 1
| #define HAVE_STRINGS_H 1
| #define HAVE_INTTYPES_H 1
| #define HAVE_STDINT_H 1
| #define HAVE_UNISTD_H 1
| #define __EXTENSIONS__ 1
| #define _ALL_SOURCE 1
| #define _GNU_SOURCE 1
| #define _POSIX_PTHREAD_SEMANTICS 1
| #define _TANDEM_SOURCE 1
| #define HAVE_DLFCN_H 1
| #define LT_OBJDIR ".libs/"
| #define STDC_HEADERS 1
| #define HAVE_FCNTL_H 1
| #define HAVE_PATHS_H 1
| #define HAVE_SYS_IOCTL_H 1
| #define HAVE_SYS_TIME_H 1
| #define HAVE_SYSLOG_H 1
| #define HAVE_UNISTD_H 1
| /* end confdefs.h.  */
| #include <stdio.h>
| #ifdef HAVE_SYS_TYPES_H
| # include <sys/types.h>
| #endif
| #ifdef HAVE_SYS_STAT_H
| # include <sys/stat.h>
| #endif
| #ifdef STDC_HEADERS
| # include <stdlib.h>
| # include <stddef.h>
| #else
| # ifdef HAVE_STDLIB_H
| #  include <stdlib.h>
| # endif
| #endif
| #ifdef HAVE_STRING_H
| # if !defined STDC_HEADERS && defined HAVE_MEMORY_H
| #  include <memory.h>
| # endif
| # include <string.h>
| #endif
| #ifdef HAVE_STRINGS_H
| # include <strings.h>
| #endif
| #ifdef HAVE_INTTYPES_H
| # include <inttypes.h>
| #endif
| #ifdef HAVE_STDINT_H
| # include <stdint.h>
| #endif
| #ifdef HAVE_UNISTD_H
| # include <unistd.h>
| #endif
| int
| main ()
| {
| if (sizeof ((mode_t)))
| 	    return 0;
|   ;
|   return 0;
| }
configure:16704: result: yes
configure:16715: checking for pid_t
configure:16715: gcc -c -g -O2  conftest.c >&5
configure:16715: $? = 0
configure:16715: gcc -c -g -O2  conftest.c >&5
conftest.c: In function 'main':
conftest.c:71:20: error: expected expression before ')' token
   71 | if (sizeof ((pid_t)))
      |                    ^
configure:16715: $? = 1
configure: failed program was:
| /* confdefs.h */
| #define PACKAGE_NAME "NetworkManager"
| #define PACKAGE_TARNAME "NetworkManager"
| #define PACKAGE_VERSION "0.9.8.8"
| #define PACKAGE_STRING "NetworkManager 0.9.8.8"
| #define PACKAGE_BUGREPORT "http://bugzilla.gnome.org/enter_bug.cgi?product=NetworkManager"
| #define PACKAGE_URL ""
| #define PACKAGE "NetworkManager"
| #define VERSION "0.9.8.8"
| #define STDC_HEADERS 1
| #define HAVE_SYS_TYPES_H 1
| #define HAVE_SYS_STAT_H 1
| #define HAVE_STDLIB_H 1
| #define HAVE_STRING_H 1
| #define HAVE_MEMORY_H 1
| #define HAVE_STRINGS_H 1
| #define HAVE_INTTYPES_H 1
| #define HAVE_STDINT_H 1
| #define HAVE_UNISTD_H 1
| #define __EXTENSIONS__ 1
| #define _ALL_SOURCE 1
| #define _GNU_SOURCE 1
| #define _POSIX_PTHREAD_SEMANTICS 1
| #define _TANDEM_SOURCE 1
| #define HAVE_DLFCN_H 1
| #define LT_OBJDIR ".libs/"
| #define STDC_HEADERS 1
| #define HAVE_FCNTL_H 1
| #define HAVE_PATHS_H 1
| #define HAVE_SYS_IOCTL_H 1
| #define HAVE_SYS_TIME_H 1
| #define HAVE_SYSLOG_H 1
| #define HAVE_UNISTD_H 1
| /* end confdefs.h.  */
| #include <stdio.h>
| #ifdef HAVE_SYS_TYPES_H
| # include <sys/types.h>
| #endif
| #ifdef HAVE_SYS_STAT_H
| # include <sys/stat.h>
| #endif
| #ifdef STDC_HEADERS
| # include <stdlib.h>
| # include <stddef.h>
| #else
| # ifdef HAVE_STDLIB_H
| #  include <stdlib.h>
| # endif
| #endif
| #ifdef HAVE_STRING_H
| # if !defined STDC_HEADERS && defined HAVE_MEMORY_H
| #  include <memory.h>
| # endif
| # include <string.h>
| #endif
| #ifdef HAVE_STRINGS_H
| # include <strings.h>
| #endif
| #ifdef HAVE_INTTYPES_H
| # include <inttypes.h>
| #endif
| #ifdef HAVE_STDINT_H
| # include <stdint.h>
| #endif
| #ifdef HAVE_UNISTD_H
| # include <unistd.h>
| #endif
| int
| main ()
| {
| if (sizeof ((pid_t)))
| 	    return 0;
|   ;
|   return 0;
| }
configure:16715: result: yes
configure:16726: checking whether time.h and sys/time.h may both be included
configure:16746: gcc -c -g -O2  conftest.c >&5
configure:16746: $? = 0
configure:16753: result: yes
configure:16763: checking whether gcc needs -traditional
configure:16797: result: no
configure:16804: checking for working memcmp
configure:16847: gcc -o conftest -g -O2   conftest.c  >&5
configure:16847: $? = 0
configure:16847: ./conftest
configure:16847: $? = 0
configure:16857: result: yes
configure:16869: checking for select
configure:16869: gcc -o conftest -g -O2   conftest.c  >&5
configure:16869: $? = 0
configure:16869: result: yes
configure:16869: checking for socket
configure:16869: gcc -o conftest -g -O2   conftest.c  >&5
configure:16869: $? = 0
configure:16869: result: yes
configure:16869: checking for uname
configure:16869: gcc -o conftest -g -O2   conftest.c  >&5
configure:16869: $? = 0
configure:16869: result: yes
configure:16880: checking whether NLS is requested
configure:16889: result: yes
configure:16907: checking for intltool >= 0.40.0
configure:16909: result: 0.51.0 found
configure:16917: checking for intltool-update
configure:16935: found /usr/bin/intltool-update
configure:16947: result: /usr/bin/intltool-update
configure:16957: checking for intltool-merge
configure:16975: found /usr/bin/intltool-merge
configure:16987: result: /usr/bin/intltool-merge
configure:16997: checking for intltool-extract
configure:17015: found /usr/bin/intltool-extract
configure:17027: result: /usr/bin/intltool-extract
configure:17181: checking for xgettext
configure:17199: found /usr/bin/xgettext
configure:17211: result: /usr/bin/xgettext
configure:17221: checking for msgmerge
configure:17239: found /usr/bin/msgmerge
configure:17251: result: /usr/bin/msgmerge
configure:17261: checking for msgfmt
configure:17279: found /usr/bin/msgfmt
configure:17291: result: /usr/bin/msgfmt
configure:17301: checking for gmsgfmt
configure:17332: result: /usr/bin/msgfmt
configure:17352: checking for perl
configure:17370: found /usr/bin/perl
configure:17382: result: /usr/bin/perl
configure:17393: checking for perl >= 5.8.1
configure:17400: result: 5.36.0
configure:17404: checking for XML::Parser
configure:17407: result: ok
configure:17432: gcc -o conftest -g -O2   conftest.c  >&5
configure:17432: $? = 0
configure:17503: checking for msgfmt
configure:17535: result: /usr/bin/msgfmt
configure:17544: checking for gmsgfmt
configure:17575: result: /usr/bin/msgfmt
configure:17626: checking for xgettext
configure:17658: result: /usr/bin/xgettext
configure:17704: checking for msgmerge
configure:17735: result: /usr/bin/msgmerge
configure:17792: checking for ld used by GCC
configure:17856: result: /usr/bin/ld
configure:17863: checking if the linker (/usr/bin/ld) is GNU ld
configure:17876: result: yes
configure:17883: checking for shared library run path origin
configure:17896: result: done
configure:18397: checking for CFPreferencesCopyAppValue
configure:18415: gcc -o conftest -g -O2   conftest.c  -Wl,-framework -Wl,CoreFoundation >&5
conftest.c:39:10: fatal error: CoreFoundation/CFPreferences.h: No such file or directory
   39 | #include <CoreFoundation/CFPreferences.h>
      |          ^~~~~~~~~~~~~~~~~~~~~~~~~~~~~~~~
compilation terminated.
configure:18415: $? = 1
configure: failed program was:
| /* confdefs.h */
| #define PACKAGE_NAME "NetworkManager"
| #define PACKAGE_TARNAME "NetworkManager"
| #define PACKAGE_VERSION "0.9.8.8"
| #define PACKAGE_STRING "NetworkManager 0.9.8.8"
| #define PACKAGE_BUGREPORT "http://bugzilla.gnome.org/enter_bug.cgi?product=NetworkManager"
| #define PACKAGE_URL ""
| #define PACKAGE "NetworkManager"
| #define VERSION "0.9.8.8"
| #define STDC_HEADERS 1
| #define HAVE_SYS_TYPES_H 1
| #define HAVE_SYS_STAT_H 1
| #define HAVE_STDLIB_H 1
| #define HAVE_STRING_H 1
| #define HAVE_MEMORY_H 1
| #define HAVE_STRINGS_H 1
| #define HAVE_INTTYPES_H 1
| #define HAVE_STDINT_H 1
| #define HAVE_UNISTD_H 1
| #define __EXTENSIONS__ 1
| #define _ALL_SOURCE 1
| #define _GNU_SOURCE 1
| #define _POSIX_PTHREAD_SEMANTICS 1
| #define _TANDEM_SOURCE 1
| #define HAVE_DLFCN_H 1
| #define LT_OBJDIR ".libs/"
| #define STDC_HEADERS 1
| #define HAVE_FCNTL_H 1
| #define HAVE_PATHS_H 1
| #define HAVE_SYS_IOCTL_H 1
| #define HAVE_SYS_TIME_H 1
| #define HAVE_SYSLOG_H 1
| #define HAVE_UNISTD_H 1
| #define TIME_WITH_SYS_TIME 1
| #define HAVE_SELECT 1
| #define HAVE_SOCKET 1
| #define HAVE_UNAME 1
| /* end confdefs.h.  */
| #include <CoreFoundation/CFPreferences.h>
| int
| main ()
| {
| CFPreferencesCopyAppValue(NULL, NULL)
|   ;
|   return 0;
| }
configure:18424: result: no
configure:18431: checking for CFLocaleCopyCurrent
configure:18449: gcc -o conftest -g -O2   conftest.c  -Wl,-framework -Wl,CoreFoundation >&5
conftest.c:39:10: fatal error: CoreFoundation/CFLocale.h: No such file or directory
   39 | #include <CoreFoundation/CFLocale.h>
      |          ^~~~~~~~~~~~~~~~~~~~~~~~~~~
compilation terminated.
configure:18449: $? = 1
configure: failed program was:
| /* confdefs.h */
| #define PACKAGE_NAME "NetworkManager"
| #define PACKAGE_TARNAME "NetworkManager"
| #define PACKAGE_VERSION "0.9.8.8"
| #define PACKAGE_STRING "NetworkManager 0.9.8.8"
| #define PACKAGE_BUGREPORT "http://bugzilla.gnome.org/enter_bug.cgi?product=NetworkManager"
| #define PACKAGE_URL ""
| #define PACKAGE "NetworkManager"
| #define VERSION "0.9.8.8"
| #define STDC_HEADERS 1
| #define HAVE_SYS_TYPES_H 1
| #define HAVE_SYS_STAT_H 1
| #define HAVE_STDLIB_H 1
| #define HAVE_STRING_H 1
| #define HAVE_MEMORY_H 1
| #define HAVE_STRINGS_H 1
| #define HAVE_INTTYPES_H 1
| #define HAVE_STDINT_H 1
| #define HAVE_UNISTD_H 1
| #define __EXTENSIONS__ 1
| #define _ALL_SOURCE 1
| #define _GNU_SOURCE 1
| #define _POSIX_PTHREAD_SEMANTICS 1
| #define _TANDEM_SOURCE 1
| #define HAVE_DLFCN_H 1
| #define LT_OBJDIR ".libs/"
| #define STDC_HEADERS 1
| #define HAVE_FCNTL_H 1
| #define HAVE_PATHS_H 1
| #define HAVE_SYS_IOCTL_H 1
| #define HAVE_SYS_TIME_H 1
| #define HAVE_SYSLOG_H 1
| #define HAVE_UNISTD_H 1
| #define TIME_WITH_SYS_TIME 1
| #define HAVE_SELECT 1
| #define HAVE_SOCKET 1
| #define HAVE_UNAME 1
| /* end confdefs.h.  */
| #include <CoreFoundation/CFLocale.h>
| int
| main ()
| {
| CFLocaleCopyCurrent();
|   ;
|   return 0;
| }
configure:18458: result: no
configure:18507: checking for GNU gettext in libc
configure:18527: gcc -o conftest -g -O2   conftest.c  >&5
configure:18527: $? = 0
configure:18536: result: yes
configure:19282: checking whether to use NLS
configure:19284: result: yes
configure:19287: checking where the gettext function comes from
configure:19298: result: libc
configure:19365: checking whether byte ordering is bigendian
configure:19380: gcc -c -g -O2  conftest.c >&5
conftest.c:44:16: error: unknown type name 'not'
   44 |                not a universal capable compiler
      |                ^~~
conftest.c:44:22: error: expected '=', ',', ';', 'asm' or '__attribute__' before 'universal'
   44 |                not a universal capable compiler
      |                      ^~~~~~~~~
conftest.c:44:22: error: unknown type name 'universal'
configure:19380: $? = 1
configure: failed program was:
| /* confdefs.h */
| #define PACKAGE_NAME "NetworkManager"
| #define PACKAGE_TARNAME "NetworkManager"
| #define PACKAGE_VERSION "0.9.8.8"
| #define PACKAGE_STRING "NetworkManager 0.9.8.8"
| #define PACKAGE_BUGREPORT "http://bugzilla.gnome.org/enter_bug.cgi?product=NetworkManager"
| #define PACKAGE_URL ""
| #define PACKAGE "NetworkManager"
| #define VERSION "0.9.8.8"
| #define STDC_HEADERS 1
| #define HAVE_SYS_TYPES_H 1
| #define HAVE_SYS_STAT_H 1
| #define HAVE_STDLIB_H 1
| #define HAVE_STRING_H 1
| #define HAVE_MEMORY_H 1
| #define HAVE_STRINGS_H 1
| #define HAVE_INTTYPES_H 1
| #define HAVE_STDINT_H 1
| #define HAVE_UNISTD_H 1
| #define __EXTENSIONS__ 1
| #define _ALL_SOURCE 1
| #define _GNU_SOURCE 1
| #define _POSIX_PTHREAD_SEMANTICS 1
| #define _TANDEM_SOURCE 1
| #define HAVE_DLFCN_H 1
| #define LT_OBJDIR ".libs/"
| #define STDC_HEADERS 1
| #define HAVE_FCNTL_H 1
| #define HAVE_PATHS_H 1
| #define HAVE_SYS_IOCTL_H 1
| #define HAVE_SYS_TIME_H 1
| #define HAVE_SYSLOG_H 1
| #define HAVE_UNISTD_H 1
| #define TIME_WITH_SYS_TIME 1
| #define HAVE_SELECT 1
| #define HAVE_SOCKET 1
| #define HAVE_UNAME 1
| #define ENABLE_NLS 1
| #define HAVE_GETTEXT 1
| #define HAVE_DCGETTEXT 1
| #define GETTEXT_PACKAGE "NetworkManager"
| /* end confdefs.h.  */
| #ifndef __APPLE_CC__
| 	       not a universal capable compiler
| 	     #endif
| 	     typedef int dummy;
| 
configure:19425: gcc -c -g -O2  conftest.c >&5
configure:19425: $? = 0
configure:19443: gcc -c -g -O2  conftest.c >&5
conftest.c: In function 'main':
conftest.c:50:18: error: unknown type name 'not'; did you mean 'ino_t'?
   50 |                  not big endian
      |                  ^~~
      |                  ino_t
conftest.c:50:26: error: expected '=', ',', ';', 'asm' or '__attribute__' before 'endian'
   50 |                  not big endian
      |                          ^~~~~~
configure:19443: $? = 1
configure: failed program was:
| /* confdefs.h */
| #define PACKAGE_NAME "NetworkManager"
| #define PACKAGE_TARNAME "NetworkManager"
| #define PACKAGE_VERSION "0.9.8.8"
| #define PACKAGE_STRING "NetworkManager 0.9.8.8"
| #define PACKAGE_BUGREPORT "http://bugzilla.gnome.org/enter_bug.cgi?product=NetworkManager"
| #define PACKAGE_URL ""
| #define PACKAGE "NetworkManager"
| #define VERSION "0.9.8.8"
| #define STDC_HEADERS 1
| #define HAVE_SYS_TYPES_H 1
| #define HAVE_SYS_STAT_H 1
| #define HAVE_STDLIB_H 1
| #define HAVE_STRING_H 1
| #define HAVE_MEMORY_H 1
| #define HAVE_STRINGS_H 1
| #define HAVE_INTTYPES_H 1
| #define HAVE_STDINT_H 1
| #define HAVE_UNISTD_H 1
| #define __EXTENSIONS__ 1
| #define _ALL_SOURCE 1
| #define _GNU_SOURCE 1
| #define _POSIX_PTHREAD_SEMANTICS 1
| #define _TANDEM_SOURCE 1
| #define HAVE_DLFCN_H 1
| #define LT_OBJDIR ".libs/"
| #define STDC_HEADERS 1
| #define HAVE_FCNTL_H 1
| #define HAVE_PATHS_H 1
| #define HAVE_SYS_IOCTL_H 1
| #define HAVE_SYS_TIME_H 1
| #define HAVE_SYSLOG_H 1
| #define HAVE_UNISTD_H 1
| #define TIME_WITH_SYS_TIME 1
| #define HAVE_SELECT 1
| #define HAVE_SOCKET 1
| #define HAVE_UNAME 1
| #define ENABLE_NLS 1
| #define HAVE_GETTEXT 1
| #define HAVE_DCGETTEXT 1
| #define GETTEXT_PACKAGE "NetworkManager"
| /* end confdefs.h.  */
| #include <sys/types.h>
| 		#include <sys/param.h>
| 
| int
| main ()
| {
| #if BYTE_ORDER != BIG_ENDIAN
| 		 not big endian
| 		#endif
| 
|   ;
|   return 0;
| }
configure:19571: result: no
configure:19625: checking for /etc/redhat-release
configure:19638: result: no
configure:19646: checking for /etc/fedora-release
configure:19659: result: no
configure:19667: checking for /etc/mandriva-release
configure:19680: result: no
configure:19688: checking for /etc/SuSE-release
configure:19701: result: no
configure:19709: checking for /etc/debian_version
configure:19722: result: yes
configure:19730: checking for /etc/gentoo-release
configure:19743: result: no
configure:19798: checking whether to build with code coverage support
configure:19817: result: no
configure:20057: checking Linux kernel WEXT headers
configure:20078: gcc -c -g -O2  conftest.c >&5
configure:20078: $? = 0
configure:20084: result: yes
configure:20106: checking Linux kernel nl80211 headers
configure:20125: gcc -c -g -O2  conftest.c >&5
configure:20125: $? = 0
configure:20131: result: yes
configure:20137: checking Linux kernel VLAN_FLAG_LOOSE_BINDING enum value
configure:20155: gcc -c -g -O2  conftest.c >&5
configure:20155: $? = 0
configure:20161: result: yes
configure:20261: checking for cos in -lm
configure:20286: gcc -o conftest -g -O2   conftest.c -lm   >&5
conftest.c:52:6: warning: conflicting types for built-in function 'cos'; expected 'double(double)' [-Wbuiltin-declaration-mismatch]
   52 | char cos ();
      |      ^~~
conftest.c:1:1: note: 'cos' is declared in header '<math.h>'
    1 | /* confdefs.h */
configure:20286: $? = 0
configure:20295: result: yes
configure:20306: checking for dladdr in -ldl
configure:20331: gcc -o conftest -g -O2   conftest.c -ldl   >&5
configure:20331: $? = 0
configure:20340: result: yes
configure:20404: checking for pkg-config
configure:20422: found /usr/bin/pkg-config
configure:20434: result: /usr/bin/pkg-config
configure:20459: checking pkg-config is at least version 0.9.0
configure:20462: result: yes
configure:20472: checking for DBUS
configure:20479: $PKG_CONFIG --exists --print-errors "dbus-1 >= 1.1 dbus-glib-1 >= 0.94"
Package dbus-glib-1 was not found in the pkg-config search path.
Perhaps you should add the directory containing `dbus-glib-1.pc'
to the PKG_CONFIG_PATH environment variable
Package 'dbus-glib-1', required by 'virtual:world', not found
configure:20482: $? = 1
configure:20496: $PKG_CONFIG --exists --print-errors "dbus-1 >= 1.1 dbus-glib-1 >= 0.94"
Package dbus-glib-1 was not found in the pkg-config search path.
Perhaps you should add the directory containing `dbus-glib-1.pc'
to the PKG_CONFIG_PATH environment variable
Package 'dbus-glib-1', required by 'virtual:world', not found
configure:20499: $? = 1
configure:20513: result: no
Package 'dbus-glib-1', required by 'virtual:world', not found
configure:20529: error: Package requirements (dbus-1 >= 1.1 dbus-glib-1 >= 0.94) were not met:

Package 'dbus-glib-1', required by 'virtual:world', not found

Consider adjusting the PKG_CONFIG_PATH environment variable if you
installed software in a non-standard prefix.

Alternatively, you may set the environment variables DBUS_CFLAGS
and DBUS_LIBS to avoid the need to call pkg-config.
See the pkg-config man page for more details.

## ---------------- ##
## Cache variables. ##
## ---------------- ##

ac_cv_build=aarch64-unknown-linux-gnu
ac_cv_c_bigendian=no
ac_cv_c_compiler_gnu=yes
ac_cv_cxx_compiler_gnu=yes
ac_cv_env_CCC_set=
ac_cv_env_CCC_value=
ac_cv_env_CC_set=
ac_cv_env_CC_value=
ac_cv_env_CFLAGS_set=
ac_cv_env_CFLAGS_value=
ac_cv_env_CPPFLAGS_set=
ac_cv_env_CPPFLAGS_value=
ac_cv_env_CPP_set=
ac_cv_env_CPP_value=
ac_cv_env_CXXCPP_set=
ac_cv_env_CXXCPP_value=
ac_cv_env_CXXFLAGS_set=
ac_cv_env_CXXFLAGS_value=
ac_cv_env_CXX_set=
ac_cv_env_CXX_value=
ac_cv_env_DBUS_CFLAGS_set=
ac_cv_env_DBUS_CFLAGS_value=
ac_cv_env_DBUS_LIBS_set=
ac_cv_env_DBUS_LIBS_value=
ac_cv_env_GLIB_CFLAGS_set=
ac_cv_env_GLIB_CFLAGS_value=
ac_cv_env_GLIB_LIBS_set=
ac_cv_env_GLIB_LIBS_value=
ac_cv_env_GNUTLS_CFLAGS_set=
ac_cv_env_GNUTLS_CFLAGS_value=
ac_cv_env_GNUTLS_LIBS_set=
ac_cv_env_GNUTLS_LIBS_value=
ac_cv_env_GTKDOC_DEPS_CFLAGS_set=
ac_cv_env_GTKDOC_DEPS_CFLAGS_value=
ac_cv_env_GTKDOC_DEPS_LIBS_set=
ac_cv_env_GTKDOC_DEPS_LIBS_value=
ac_cv_env_GUDEV_CFLAGS_set=
ac_cv_env_GUDEV_CFLAGS_value=
ac_cv_env_GUDEV_LIBS_set=
ac_cv_env_GUDEV_LIBS_value=
ac_cv_env_IWMX_SDK_CFLAGS_set=
ac_cv_env_IWMX_SDK_CFLAGS_value=
ac_cv_env_IWMX_SDK_LIBS_set=
ac_cv_env_IWMX_SDK_LIBS_value=
ac_cv_env_LDFLAGS_set=
ac_cv_env_LDFLAGS_value=
ac_cv_env_LIBNL_CFLAGS_set=
ac_cv_env_LIBNL_CFLAGS_value=
ac_cv_env_LIBNL_LIBS_set=
ac_cv_env_LIBNL_LIBS_value=
ac_cv_env_LIBSOUP_CFLAGS_set=
ac_cv_env_LIBSOUP_CFLAGS_value=
ac_cv_env_LIBSOUP_LIBS_set=
ac_cv_env_LIBSOUP_LIBS_value=
ac_cv_env_LIBS_set=
ac_cv_env_LIBS_value=
ac_cv_env_MM_GLIB_CFLAGS_set=
ac_cv_env_MM_GLIB_CFLAGS_value=
ac_cv_env_MM_GLIB_LIBS_set=
ac_cv_env_MM_GLIB_LIBS_value=
ac_cv_env_NSS_CFLAGS_set=
ac_cv_env_NSS_CFLAGS_value=
ac_cv_env_NSS_LIBS_set=
ac_cv_env_NSS_LIBS_value=
ac_cv_env_PKG_CONFIG_LIBDIR_set=
ac_cv_env_PKG_CONFIG_LIBDIR_value=
ac_cv_env_PKG_CONFIG_PATH_set=
ac_cv_env_PKG_CONFIG_PATH_value=
ac_cv_env_PKG_CONFIG_set=
ac_cv_env_PKG_CONFIG_value=
ac_cv_env_POLKIT_CFLAGS_set=
ac_cv_env_POLKIT_CFLAGS_value=
ac_cv_env_POLKIT_LIBS_set=
ac_cv_env_POLKIT_LIBS_value=
ac_cv_env_QT_CFLAGS_set=
ac_cv_env_QT_CFLAGS_value=
ac_cv_env_QT_LIBS_set=
ac_cv_env_QT_LIBS_value=
ac_cv_env_SYSTEMD_200_CFLAGS_set=
ac_cv_env_SYSTEMD_200_CFLAGS_value=
ac_cv_env_SYSTEMD_200_LIBS_set=
ac_cv_env_SYSTEMD_200_LIBS_value=
ac_cv_env_SYSTEMD_INHIBIT_CFLAGS_set=
ac_cv_env_SYSTEMD_INHIBIT_CFLAGS_value=
ac_cv_env_SYSTEMD_INHIBIT_LIBS_set=
ac_cv_env_SYSTEMD_INHIBIT_LIBS_value=
ac_cv_env_SYSTEMD_LOGIN_CFLAGS_set=
ac_cv_env_SYSTEMD_LOGIN_CFLAGS_value=
ac_cv_env_SYSTEMD_LOGIN_LIBS_set=
ac_cv_env_SYSTEMD_LOGIN_LIBS_value=
ac_cv_env_UUID_CFLAGS_set=
ac_cv_env_UUID_CFLAGS_value=
ac_cv_env_UUID_LIBS_set=
ac_cv_env_UUID_LIBS_value=
ac_cv_env_build_alias_set=
ac_cv_env_build_alias_value=
ac_cv_env_host_alias_set=
ac_cv_env_host_alias_value=
ac_cv_env_target_alias_set=
ac_cv_env_target_alias_value=
ac_cv_file__etc_SuSE_release=no
ac_cv_file__etc_debian_version=yes
ac_cv_file__etc_fedora_release=no
ac_cv_file__etc_gentoo_release=no
ac_cv_file__etc_mandriva_release=no
ac_cv_file__etc_redhat_release=no
ac_cv_func_memcmp_working=yes
ac_cv_func_select=yes
ac_cv_func_socket=yes
ac_cv_func_uname=yes
ac_cv_header_dlfcn_h=yes
ac_cv_header_fcntl_h=yes
ac_cv_header_inttypes_h=yes
ac_cv_header_memory_h=yes
ac_cv_header_minix_config_h=no
ac_cv_header_paths_h=yes
ac_cv_header_stdc=yes
ac_cv_header_stdint_h=yes
ac_cv_header_stdlib_h=yes
ac_cv_header_string_h=yes
ac_cv_header_strings_h=yes
ac_cv_header_sys_ioctl_h=yes
ac_cv_header_sys_stat_h=yes
ac_cv_header_sys_time_h=yes
ac_cv_header_sys_types_h=yes
ac_cv_header_syslog_h=yes
ac_cv_header_time=yes
ac_cv_header_unistd_h=yes
ac_cv_host=aarch64-unknown-linux-gnu
ac_cv_lib_dl_dladdr=yes
ac_cv_lib_m_cos=yes
ac_cv_objext=o
ac_cv_path_EGREP='/usr/bin/grep -E'
ac_cv_path_FGREP='/usr/bin/grep -F'
ac_cv_path_GMSGFMT=/usr/bin/msgfmt
ac_cv_path_GREP=/usr/bin/grep
ac_cv_path_INTLTOOL_EXTRACT=/usr/bin/intltool-extract
ac_cv_path_INTLTOOL_MERGE=/usr/bin/intltool-merge
ac_cv_path_INTLTOOL_PERL=/usr/bin/perl
ac_cv_path_INTLTOOL_UPDATE=/usr/bin/intltool-update
ac_cv_path_MSGFMT=/usr/bin/msgfmt
ac_cv_path_MSGMERGE=/usr/bin/msgmerge
ac_cv_path_SED=/usr/bin/sed
ac_cv_path_XGETTEXT=/usr/bin/xgettext
ac_cv_path_ac_pt_PKG_CONFIG=/usr/bin/pkg-config
ac_cv_path_install='/usr/bin/install -c'
ac_cv_path_mkdir=/usr/bin/mkdir
ac_cv_prog_AWK=mawk
ac_cv_prog_CPP='gcc -E'
ac_cv_prog_CXXCPP='g++ -E'
ac_cv_prog_ac_ct_AR=ar
ac_cv_prog_ac_ct_CC=gcc
ac_cv_prog_ac_ct_CXX=g++
ac_cv_prog_ac_ct_MANIFEST_TOOL=mt
ac_cv_prog_ac_ct_OBJDUMP=objdump
ac_cv_prog_ac_ct_RANLIB=ranlib
ac_cv_prog_ac_ct_STRIP=strip
ac_cv_prog_cc_c89=
ac_cv_prog_cc_g=yes
ac_cv_prog_cc_gcc_c_o=yes
ac_cv_prog_cxx_g=yes
ac_cv_prog_gcc_traditional=no
ac_cv_prog_make_make_set=yes
ac_cv_safe_to_define___extensions__=yes
ac_cv_type_mode_t=yes
ac_cv_type_pid_t=yes
acl_cv_hardcode_direct=no
acl_cv_hardcode_libdir_flag_spec='${wl}-rpath ${wl}$libdir'
acl_cv_hardcode_libdir_separator=
acl_cv_hardcode_minus_L=no
acl_cv_libext=a
acl_cv_libname_spec='lib$name'
acl_cv_library_names_spec='$libname$shrext'
acl_cv_path_LD=/usr/bin/ld
acl_cv_prog_gnu_ld=yes
acl_cv_rpath=done
acl_cv_shlibext=so
acl_cv_wl=-Wl,
am_cv_CC_dependencies_compiler_type=gcc3
am_cv_CXX_dependencies_compiler_type=gcc3
am_cv_make_support_nested_variables=yes
am_cv_prog_tar_ustar=gnutar
gt_cv_func_CFLocaleCopyCurrent=no
gt_cv_func_CFPreferencesCopyAppValue=no
gt_cv_func_gnugettext1_libc=yes
lt_cv_ar_at_file=@
lt_cv_archive_cmds_need_lc=no
lt_cv_deplibs_check_method=pass_all
lt_cv_file_magic_cmd='$MAGIC_CMD'
lt_cv_file_magic_test_file=
lt_cv_ld_reload_flag=-r
lt_cv_nm_interface='BSD nm'
lt_cv_objdir=.libs
lt_cv_path_LD=/usr/bin/ld
lt_cv_path_LDCXX=/usr/bin/ld
lt_cv_path_NM='/usr/bin/nm -B'
lt_cv_path_mainfest_tool=no
lt_cv_prog_compiler_c_o=yes
lt_cv_prog_compiler_c_o_CXX=yes
lt_cv_prog_compiler_pic='-fPIC -DPIC'
lt_cv_prog_compiler_pic_CXX='-fPIC -DPIC'
lt_cv_prog_compiler_pic_works=yes
lt_cv_prog_compiler_pic_works_CXX=yes
lt_cv_prog_compiler_rtti_exceptions=no
lt_cv_prog_compiler_static_works=yes
lt_cv_prog_compiler_static_works_CXX=yes
lt_cv_prog_gnu_ld=yes
lt_cv_prog_gnu_ldcxx=yes
lt_cv_sharedlib_from_linklib_cmd='printf %s\n'
lt_cv_shlibpath_overrides_runpath=yes
lt_cv_sys_global_symbol_pipe='sed -n -e '\''s/^.*[	 ]\([ABCDGIRSTW][ABCDGIRSTW]*\)[	 ][	 ]*\([_A-Za-z][_A-Za-z0-9]*\)$/\1 \2 \2/p'\'' | sed '\''/ __gnu_lto/d'\'''
lt_cv_sys_global_symbol_to_c_name_address='sed -n -e '\''s/^: \([^ ]*\)[ ]*$/  {\"\1\", (void *) 0},/p'\'' -e '\''s/^[ABCDGIRSTW]* \([^ ]*\) \([^ ]*\)$/  {"\2", (void *) \&\2},/p'\'''
lt_cv_sys_global_symbol_to_c_name_address_lib_prefix='sed -n -e '\''s/^: \([^ ]*\)[ ]*$/  {\"\1\", (void *) 0},/p'\'' -e '\''s/^[ABCDGIRSTW]* \([^ ]*\) \(lib[^ ]*\)$/  {"\2", (void *) \&\2},/p'\'' -e '\''s/^[ABCDGIRSTW]* \([^ ]*\) \([^ ]*\)$/  {"lib\2", (void *) \&\2},/p'\'''
lt_cv_sys_global_symbol_to_cdecl='sed -n -e '\''s/^T .* \(.*\)$/extern int \1();/p'\'' -e '\''s/^[ABCDGIRSTW]* .* \(.*\)$/extern char \1;/p'\'''
lt_cv_sys_max_cmd_len=1572864
lt_cv_to_host_file_cmd=func_convert_file_noop
lt_cv_to_tool_file_cmd=func_convert_file_noop

## ----------------- ##
## Output variables. ##
## ----------------- ##










	$(LCOV) $(code_coverage_quiet) --directory $(CODE_COVERAGE_DIRECTORY) --capture --output-file "$(CODE_COVERAGE_OUTPUT_FILE).tmp" --test-name "$(PACKAGE_NAME)-$(PACKAGE_VERSION)" --no-checksum --compat-libtool $(CODE_COVERAGE_LCOV_OPTIONS)
	$(LCOV) $(code_coverage_quiet) --directory $(CODE_COVERAGE_DIRECTORY) --remove "$(CODE_COVERAGE_OUTPUT_FILE).tmp" "/tmp/*" $(CODE_COVERAGE_IGNORE_PATTERN) --output-file "$(CODE_COVERAGE_OUTPUT_FILE)"
	$(MAKE) $(AM_MAKEFLAGS) code-coverage-capture
	-$(LCOV) --directory $(top_builddir) -z
	-$(MAKE) $(AM_MAKEFLAGS) -k check
	-@rm -f $(CODE_COVERAGE_OUTPUT_FILE).tmp
	-find . -name "*.gcda" -o -name "*.gcov" -delete
	-rm -rf $(CODE_COVERAGE_OUTPUT_FILE) $(CODE_COVERAGE_OUTPUT_FILE).tmp $(CODE_COVERAGE_OUTPUT_DIRECTORY)
	@echo "Need to reconfigure with --enable-code-coverage"
	@echo "Need to reconfigure with --enable-code-coverage"
	@echo "file://$(abs_builddir)/$(CODE_COVERAGE_OUTPUT_DIRECTORY)/index.html"
	LANG=C $(GENHTML) $(code_coverage_quiet) --prefix $(CODE_COVERAGE_DIRECTORY) --output-directory "$(CODE_COVERAGE_OUTPUT_DIRECTORY)" --title "$(PACKAGE_NAME)-$(PACKAGE_VERSION) Code Coverage" --legend --show-details "$(CODE_COVERAGE_OUTPUT_FILE)" $(CODE_COVERAGE_GENHTML_OPTIONS)
#
#
#    $(PACKAGE_NAME)-$(PACKAGE_VERSION)-coverage)
#    $(PACKAGE_NAME)-$(PACKAGE_VERSION)-coverage.info)
#    (Default: $(top_builddir))
#    (Default: empty)
#    by lcov for code coverage. (Default:
#    instance. (Default: empty)
#    reports to be created. (Default:
#  - CODE_COVERAGE_DIRECTORY: Top-level directory for code coverage reporting.
#  - CODE_COVERAGE_GENHTML_OPTIONS: Extra options to pass to the genhtml
#  - CODE_COVERAGE_IGNORE_PATTERN: Extra glob pattern of files to ignore
#  - CODE_COVERAGE_LCOV_OPTIONS: Extra options to pass to the lcov instance.
#  - CODE_COVERAGE_OUTPUT_DIRECTORY: Directory for generated code coverage
#  - CODE_COVERAGE_OUTPUT_FILE: Filename and path for the .info file generated
# $(PACKAGE_VERSION). In order to add the current git hash to the title,
# Capture code coverage data
# Code coverage
# Hook rule executed before code-coverage-capture, overridable by the user
# Optional variables
# Optional:
# The generated report will be titled using the $(PACKAGE_NAME) and
# Use recursive makes in order to ignore errors during check
# use the git-version-gen script, available online.
'
.PHONY: check-code-coverage code-coverage-capture code-coverage-capture-hook code-coverage-clean
ACLOCAL='${SHELL} /usr/share/fruitywifi/www/modules/nmcli/includes/NetworkManager/build-aux/missing aclocal-1.13'
ALL_LINGUAS=''
AMDEPBACKSLASH='\'
AMDEP_FALSE='#'
AMDEP_TRUE=''
AMTAR='$${TAR-tar}'
AM_BACKSLASH='\'
AM_DEFAULT_V='$(AM_DEFAULT_VERBOSITY)'
AM_DEFAULT_VERBOSITY='0'
AM_V='$(V)'
AR='ar'
AUTOCONF='${SHELL} /usr/share/fruitywifi/www/modules/nmcli/includes/NetworkManager/build-aux/missing autoconf'
AUTOHEADER='${SHELL} /usr/share/fruitywifi/www/modules/nmcli/includes/NetworkManager/build-aux/missing autoheader'
AUTOMAKE='${SHELL} /usr/share/fruitywifi/www/modules/nmcli/includes/NetworkManager/build-aux/missing automake-1.13'
AWK='mawk'
CC='gcc'
CCDEPMODE='depmode=gcc3'
CFLAGS='-g -O2'
CKDB_PATH=''
CODE_COVERAGE_CFLAGS=''
CODE_COVERAGE_DIRECTORY ?= $(top_builddir)
CODE_COVERAGE_ENABLED='no'
CODE_COVERAGE_ENABLED_FALSE=''
CODE_COVERAGE_ENABLED_TRUE='#'
CODE_COVERAGE_GENHTML_OPTIONS ?=
CODE_COVERAGE_IGNORE_PATTERN ?=
CODE_COVERAGE_LCOV_OPTIONS ?=
CODE_COVERAGE_LDFLAGS=''
CODE_COVERAGE_OUTPUT_DIRECTORY ?= $(PACKAGE_NAME)-$(PACKAGE_VERSION)-coverage
CODE_COVERAGE_OUTPUT_FILE ?= $(PACKAGE_NAME)-$(PACKAGE_VERSION)-coverage.info
CONFIG_PLUGIN_IFCFG_RH_FALSE=''
CONFIG_PLUGIN_IFCFG_RH_TRUE='#'
CONFIG_PLUGIN_IFCFG_SUSE_FALSE=''
CONFIG_PLUGIN_IFCFG_SUSE_TRUE='#'
CONFIG_PLUGIN_IFNET_FALSE=''
CONFIG_PLUGIN_IFNET_TRUE='#'
CONFIG_PLUGIN_IFUPDOWN_FALSE='#'
CONFIG_PLUGIN_IFUPDOWN_TRUE=''
CPP='gcc -E'
CPPFLAGS=''
CXX='g++'
CXXCPP='g++ -E'
CXXDEPMODE='depmode=gcc3'
CXXFLAGS='-g -O2'
CYGPATH_W='echo'
DATADIRNAME='share'
DBUS_CFLAGS=''
DBUS_LIBS=''
DBUS_SYS_DIR=''
DEFS=''
DEPDIR='.deps'
DHCLIENT_PATH=''
DHCPCD_PATH=''
DISTCHECK_CONFIGURE_FLAGS += --disable-code-coverage
DISTCHECK_CONFIGURE_FLAGS ?=
DLLTOOL='false'
DSYMUTIL=''
DUMPBIN=''
ECHO_C=''
ECHO_N='-n'
ECHO_T=''
EGREP='/usr/bin/grep -E'
ENABLE_GTK_DOC_FALSE=''
ENABLE_GTK_DOC_TRUE=''
ENABLE_TESTS_FALSE=''
ENABLE_TESTS_TRUE=''
ENABLE_VAPIGEN_FALSE=''
ENABLE_VAPIGEN_TRUE=''
EXEEXT=''
FGREP='/usr/bin/grep -F'
GENHTML=''
GETTEXT_MACRO_VERSION='0.17'
GETTEXT_PACKAGE='NetworkManager'
GITIGNOREFILES += $(CODE_COVERAGE_OUTPUT_FILE) $(CODE_COVERAGE_OUTPUT_DIRECTORY)
GITIGNOREFILES ?=
GLIB_CFLAGS=''
GLIB_GENMARSHAL=''
GLIB_LIBS=''
GLIB_MAKEFILE=''
GLIB_MKENUMS=''
GMSGFMT='/usr/bin/msgfmt'
GMSGFMT_015='/usr/bin/msgfmt'
GNOME_CODE_COVERAGE_RULES='
GNUTLS_CFLAGS=''
GNUTLS_LIBS=''
GREP='/usr/bin/grep'
GTKDOC_CHECK=''
GTKDOC_DEPS_CFLAGS=''
GTKDOC_DEPS_LIBS=''
GTKDOC_MKPDF=''
GTKDOC_REBASE=''
GTK_DOC_BUILD_HTML_FALSE=''
GTK_DOC_BUILD_HTML_TRUE=''
GTK_DOC_BUILD_PDF_FALSE=''
GTK_DOC_BUILD_PDF_TRUE=''
GTK_DOC_USE_LIBTOOL_FALSE=''
GTK_DOC_USE_LIBTOOL_TRUE=''
GTK_DOC_USE_REBASE_FALSE=''
GTK_DOC_USE_REBASE_TRUE=''
GUDEV_CFLAGS=''
GUDEV_LIBS=''
HAVE_INTROSPECTION_FALSE=''
HAVE_INTROSPECTION_TRUE=''
HAVE_SYSTEMD_200_FALSE=''
HAVE_SYSTEMD_200_TRUE=''
HAVE_SYSTEMD_FALSE=''
HAVE_SYSTEMD_TRUE=''
HTML_DIR=''
INSTALL_DATA='${INSTALL} -m 644'
INSTALL_PREGEN_MANPAGES_FALSE=''
INSTALL_PREGEN_MANPAGES_TRUE=''
INSTALL_PROGRAM='${INSTALL}'
INSTALL_SCRIPT='${INSTALL}'
INSTALL_STRIP_PROGRAM='$(install_sh) -c -s'
INTLLIBS=''
INTLTOOL_CAVES_RULE='%.caves:     %.caves.in     $(INTLTOOL_MERGE) $(wildcard $(top_srcdir)/po/*.po) ; $(INTLTOOL_V_MERGE)LC_ALL=C $(INTLTOOL_MERGE) $(INTLTOOL_V_MERGE_OPTIONS) -d -u -c $(top_builddir)/po/.intltool-merge-cache $(top_srcdir)/po $< $@'
INTLTOOL_DESKTOP_RULE='%.desktop:   %.desktop.in   $(INTLTOOL_MERGE) $(wildcard $(top_srcdir)/po/*.po) ; $(INTLTOOL_V_MERGE)LC_ALL=C $(INTLTOOL_MERGE) $(INTLTOOL_V_MERGE_OPTIONS) -d -u -c $(top_builddir)/po/.intltool-merge-cache $(top_srcdir)/po $< $@'
INTLTOOL_DIRECTORY_RULE='%.directory: %.directory.in $(INTLTOOL_MERGE) $(wildcard $(top_srcdir)/po/*.po) ; $(INTLTOOL_V_MERGE)LC_ALL=C $(INTLTOOL_MERGE) $(INTLTOOL_V_MERGE_OPTIONS) -d -u -c $(top_builddir)/po/.intltool-merge-cache $(top_srcdir)/po $< $@'
INTLTOOL_EXTRACT='/usr/bin/intltool-extract'
INTLTOOL_KBD_RULE='%.kbd:       %.kbd.in       $(INTLTOOL_MERGE) $(wildcard $(top_srcdir)/po/*.po) ; $(INTLTOOL_V_MERGE)LC_ALL=C $(INTLTOOL_MERGE) $(INTLTOOL_V_MERGE_OPTIONS) -x -u -m -c $(top_builddir)/po/.intltool-merge-cache $(top_srcdir)/po $< $@'
INTLTOOL_KEYS_RULE='%.keys:      %.keys.in      $(INTLTOOL_MERGE) $(wildcard $(top_srcdir)/po/*.po) ; $(INTLTOOL_V_MERGE)LC_ALL=C $(INTLTOOL_MERGE) $(INTLTOOL_V_MERGE_OPTIONS) -k -u -c $(top_builddir)/po/.intltool-merge-cache $(top_srcdir)/po $< $@'
INTLTOOL_MERGE='/usr/bin/intltool-merge'
INTLTOOL_OAF_RULE='%.oaf:       %.oaf.in       $(INTLTOOL_MERGE) $(wildcard $(top_srcdir)/po/*.po) ; $(INTLTOOL_V_MERGE)LC_ALL=C $(INTLTOOL_MERGE) $(INTLTOOL_V_MERGE_OPTIONS) -o -p $(top_srcdir)/po $< $@'
INTLTOOL_PERL='/usr/bin/perl'
INTLTOOL_POLICY_RULE='%.policy:    %.policy.in    $(INTLTOOL_MERGE) $(wildcard $(top_srcdir)/po/*.po) ; $(INTLTOOL_V_MERGE)LC_ALL=C $(INTLTOOL_MERGE) $(INTLTOOL_V_MERGE_OPTIONS) -x -u -c $(top_builddir)/po/.intltool-merge-cache $(top_srcdir)/po $< $@'
INTLTOOL_PONG_RULE='%.pong:      %.pong.in      $(INTLTOOL_MERGE) $(wildcard $(top_srcdir)/po/*.po) ; $(INTLTOOL_V_MERGE)LC_ALL=C $(INTLTOOL_MERGE) $(INTLTOOL_V_MERGE_OPTIONS) -x -u -c $(top_builddir)/po/.intltool-merge-cache $(top_srcdir)/po $< $@'
INTLTOOL_PROP_RULE='%.prop:      %.prop.in      $(INTLTOOL_MERGE) $(wildcard $(top_srcdir)/po/*.po) ; $(INTLTOOL_V_MERGE)LC_ALL=C $(INTLTOOL_MERGE) $(INTLTOOL_V_MERGE_OPTIONS) -d -u -c $(top_builddir)/po/.intltool-merge-cache $(top_srcdir)/po $< $@'
INTLTOOL_SCHEMAS_RULE='%.schemas:   %.schemas.in   $(INTLTOOL_MERGE) $(wildcard $(top_srcdir)/po/*.po) ; $(INTLTOOL_V_MERGE)LC_ALL=C $(INTLTOOL_MERGE) $(INTLTOOL_V_MERGE_OPTIONS) -s -u -c $(top_builddir)/po/.intltool-merge-cache $(top_srcdir)/po $< $@'
INTLTOOL_SERVER_RULE='%.server:    %.server.in    $(INTLTOOL_MERGE) $(wildcard $(top_srcdir)/po/*.po) ; $(INTLTOOL_V_MERGE)LC_ALL=C $(INTLTOOL_MERGE) $(INTLTOOL_V_MERGE_OPTIONS) -o -u -c $(top_builddir)/po/.intltool-merge-cache $(top_srcdir)/po $< $@'
INTLTOOL_SERVICE_RULE='%.service: %.service.in   $(INTLTOOL_MERGE) $(wildcard $(top_srcdir)/po/*.po) ; $(INTLTOOL_V_MERGE)LC_ALL=C $(INTLTOOL_MERGE) $(INTLTOOL_V_MERGE_OPTIONS) -d -u -c $(top_builddir)/po/.intltool-merge-cache $(top_srcdir)/po $< $@'
INTLTOOL_SHEET_RULE='%.sheet:     %.sheet.in     $(INTLTOOL_MERGE) $(wildcard $(top_srcdir)/po/*.po) ; $(INTLTOOL_V_MERGE)LC_ALL=C $(INTLTOOL_MERGE) $(INTLTOOL_V_MERGE_OPTIONS) -x -u -c $(top_builddir)/po/.intltool-merge-cache $(top_srcdir)/po $< $@'
INTLTOOL_SOUNDLIST_RULE='%.soundlist: %.soundlist.in $(INTLTOOL_MERGE) $(wildcard $(top_srcdir)/po/*.po) ; $(INTLTOOL_V_MERGE)LC_ALL=C $(INTLTOOL_MERGE) $(INTLTOOL_V_MERGE_OPTIONS) -d -u -c $(top_builddir)/po/.intltool-merge-cache $(top_srcdir)/po $< $@'
INTLTOOL_THEME_RULE='%.theme:     %.theme.in     $(INTLTOOL_MERGE) $(wildcard $(top_srcdir)/po/*.po) ; $(INTLTOOL_V_MERGE)LC_ALL=C $(INTLTOOL_MERGE) $(INTLTOOL_V_MERGE_OPTIONS) -d -u -c $(top_builddir)/po/.intltool-merge-cache $(top_srcdir)/po $< $@'
INTLTOOL_UI_RULE='%.ui:        %.ui.in        $(INTLTOOL_MERGE) $(wildcard $(top_srcdir)/po/*.po) ; $(INTLTOOL_V_MERGE)LC_ALL=C $(INTLTOOL_MERGE) $(INTLTOOL_V_MERGE_OPTIONS) -x -u -c $(top_builddir)/po/.intltool-merge-cache $(top_srcdir)/po $< $@'
INTLTOOL_UPDATE='/usr/bin/intltool-update'
INTLTOOL_V_MERGE='$(INTLTOOL__v_MERGE_$(V))'
INTLTOOL_V_MERGE_OPTIONS='$(intltool__v_merge_options_$(V))'
INTLTOOL_XAM_RULE='%.xam:       %.xml.in       $(INTLTOOL_MERGE) $(wildcard $(top_srcdir)/po/*.po) ; $(INTLTOOL_V_MERGE)LC_ALL=C $(INTLTOOL_MERGE) $(INTLTOOL_V_MERGE_OPTIONS) -x -u -c $(top_builddir)/po/.intltool-merge-cache $(top_srcdir)/po $< $@'
INTLTOOL_XML_NOMERGE_RULE='%.xml:       %.xml.in       $(INTLTOOL_MERGE) ; $(INTLTOOL_V_MERGE)LC_ALL=C $(INTLTOOL_MERGE) $(INTLTOOL_V_MERGE_OPTIONS) -x -u --no-translations $< $@'
INTLTOOL_XML_RULE='%.xml:       %.xml.in       $(INTLTOOL_MERGE) $(wildcard $(top_srcdir)/po/*.po) ; $(INTLTOOL_V_MERGE)LC_ALL=C $(INTLTOOL_MERGE) $(INTLTOOL_V_MERGE_OPTIONS) -x -u -c $(top_builddir)/po/.intltool-merge-cache $(top_srcdir)/po $< $@'
INTLTOOL__v_MERGE_0='@echo "  ITMRG " $@;'
INTLTOOL__v_MERGE_='$(INTLTOOL__v_MERGE_$(AM_DEFAULT_VERBOSITY))'
INTL_MACOSX_LIBS=''
INTROSPECTION_CFLAGS=''
INTROSPECTION_COMPILER=''
INTROSPECTION_GENERATE=''
INTROSPECTION_GIRDIR=''
INTROSPECTION_LIBS=''
INTROSPECTION_MAKEFILE=''
INTROSPECTION_SCANNER=''
INTROSPECTION_TYPELIBDIR=''
IPTABLES_PATH=''
IWMX_SDK_CFLAGS=''
IWMX_SDK_LIBS=''
KERNEL_FIRMWARE_DIR=''
LCOV=''
LD='/usr/bin/ld'
LDFLAGS=''
LIBDL='-ldl'
LIBGCRYPT_CFLAGS=''
LIBGCRYPT_CONFIG=''
LIBGCRYPT_LIBS=''
LIBICONV='-liconv'
LIBINTL=''
LIBM='-lm'
LIBNL_CFLAGS=''
LIBNL_LIBS=''
LIBOBJS=''
LIBS=''
LIBSOUP_CFLAGS=''
LIBSOUP_LIBS=''
LIBTOOL='$(SHELL) $(top_builddir)/libtool'
LIPO=''
LN_S='ln -s'
LTLIBICONV='-liconv'
LTLIBINTL=''
LTLIBOBJS=''
MAINT=''
MAINTAINER_MODE_FALSE='#'
MAINTAINER_MODE_TRUE=''
MAKEINFO='${SHELL} /usr/share/fruitywifi/www/modules/nmcli/includes/NetworkManager/build-aux/missing makeinfo'
MANIFEST_TOOL=':'
MKDIR_P='/usr/bin/mkdir -p'
MM_GLIB_CFLAGS=''
MM_GLIB_LIBS=''
MOC=''
MSGFMT='/usr/bin/msgfmt'
MSGFMT_015='/usr/bin/msgfmt'
MSGMERGE='/usr/bin/msgmerge'
NM='/usr/bin/nm -B'
NMEDIT=''
NM_MAJOR_VERSION='0'
NM_MICRO_VERSION='8'
NM_MINOR_VERSION='9'
NM_MODIFY_SYSTEM_POLICY=''
NM_VERSION='0.9.8.8'
NSS_CFLAGS=''
NSS_LIBS=''
OBJDUMP='objdump'
OBJEXT='o'
OTOOL64=''
OTOOL=''
PACKAGE='NetworkManager'
PACKAGE_BUGREPORT='http://bugzilla.gnome.org/enter_bug.cgi?product=NetworkManager'
PACKAGE_NAME='NetworkManager'
PACKAGE_STRING='NetworkManager 0.9.8.8'
PACKAGE_TARNAME='NetworkManager'
PACKAGE_URL=''
PACKAGE_VERSION='0.9.8.8'
PATH_SEPARATOR=':'
PKG_CONFIG='/usr/bin/pkg-config'
PKG_CONFIG_LIBDIR=''
PKG_CONFIG_PATH=''
POLKIT_CFLAGS=''
POLKIT_LIBS=''
POSUB='po'
PPPD_PLUGIN_DIR=''
QT_CFLAGS=''
QT_LIBS=''
RANLIB='ranlib'
RUN_ROOT_TESTS_FALSE=''
RUN_ROOT_TESTS_TRUE=''
SED='/usr/bin/sed'
SESSION_TRACKING_CK_FALSE=''
SESSION_TRACKING_CK_TRUE=''
SESSION_TRACKING_SYSTEMD_FALSE=''
SESSION_TRACKING_SYSTEMD_TRUE=''
SET_MAKE=''
SHELL='/bin/bash'
STRIP='strip'
SUSPEND_RESUME_SYSTEMD_FALSE=''
SUSPEND_RESUME_SYSTEMD_TRUE=''
SUSPEND_RESUME_UPOWER_FALSE=''
SUSPEND_RESUME_UPOWER_TRUE=''
SYSTEMD_200_CFLAGS=''
SYSTEMD_200_LIBS=''
SYSTEMD_INHIBIT_CFLAGS=''
SYSTEMD_INHIBIT_LIBS=''
SYSTEMD_LOGIN_CFLAGS=''
SYSTEMD_LOGIN_LIBS=''
SYSTEM_CA_PATH=''
UDEV_BASE_DIR=''
USE_NLS='yes'
UUID_CFLAGS=''
UUID_LIBS=''
VAPIGEN=''
VAPIGEN_MAKEFILE=''
VAPIGEN_VAPIDIR=''
VERSION='0.9.8.8'
WITH_BLUEZ4_FALSE=''
WITH_BLUEZ4_TRUE=''
WITH_CONCHECK_FALSE=''
WITH_CONCHECK_TRUE=''
WITH_GNUTLS_FALSE=''
WITH_GNUTLS_TRUE=''
WITH_MODEM_MANAGER_1_FALSE=''
WITH_MODEM_MANAGER_1_TRUE=''
WITH_NSS_FALSE=''
WITH_NSS_TRUE=''
WITH_POLKIT_FALSE=''
WITH_POLKIT_TRUE=''
WITH_PPP_FALSE=''
WITH_PPP_TRUE=''
WITH_QT_FALSE=''
WITH_QT_TRUE=''
WITH_WEXT_FALSE='#'
WITH_WEXT_TRUE=''
WITH_WIMAX_FALSE=''
WITH_WIMAX_TRUE=''
XGETTEXT='/usr/bin/xgettext'
XGETTEXT_015='/usr/bin/xgettext'
XGETTEXT_EXTRA_OPTIONS=''
ac_ct_AR='ar'
ac_ct_CC='gcc'
ac_ct_CXX='g++'
ac_ct_DUMPBIN=''
am__EXEEXT_FALSE=''
am__EXEEXT_TRUE=''
am__fastdepCC_FALSE='#'
am__fastdepCC_TRUE=''
am__fastdepCXX_FALSE='#'
am__fastdepCXX_TRUE=''
am__include='include'
am__isrc=''
am__leading_dot='.'
am__nodep='_no'
am__quote=''
am__tar='tar --format=ustar -chf - "$$tardir"'
am__untar='tar -xf -'
bindir='${exec_prefix}/bin'
build='aarch64-unknown-linux-gnu'
build_alias=''
build_cpu='aarch64'
build_os='linux-gnu'
build_vendor='unknown'
check-code-coverage:
clean: code-coverage-clean
code-coverage-capture-hook:
code-coverage-capture: code-coverage-capture-hook
code-coverage-clean:
code_coverage_quiet = $(code_coverage_quiet_$(V))
code_coverage_quiet_ = $(code_coverage_quiet_$(AM_DEFAULT_VERBOSITY))
code_coverage_quiet_0 = --quiet
datadir='${datarootdir}'
datarootdir='${prefix}/share'
docdir='${datarootdir}/doc/${PACKAGE_TARNAME}'
dvidir='${docdir}'
else
else
endif
endif
exec_prefix='NONE'
host='aarch64-unknown-linux-gnu'
host_alias=''
host_cpu='aarch64'
host_os='linux-gnu'
host_vendor='unknown'
htmldir='${docdir}'
ifdef CODE_COVERAGE_ENABLED
ifdef CODE_COVERAGE_ENABLED
includedir='${prefix}/include'
infodir='${datarootdir}/info'
install_sh='${SHELL} /usr/share/fruitywifi/www/modules/nmcli/includes/NetworkManager/build-aux/install-sh'
intltool__v_merge_options_0='-q'
intltool__v_merge_options_='$(intltool__v_merge_options_$(AM_DEFAULT_VERBOSITY))'
libdir='${exec_prefix}/lib'
libexecdir='${exec_prefix}/libexec'
localedir='${datarootdir}/locale'
localstatedir='${prefix}/var'
mandir='${datarootdir}/man'
mkdir_p='/usr/bin/mkdir -p'
nmbinary='${exec_prefix}/sbin/NetworkManager'
nmconfdir='${prefix}/etc/NetworkManager'
nmdatadir='${datarootdir}/NetworkManager'
nmrundir='${prefix}/var/run/NetworkManager'
nmstatedir='${prefix}/var/lib/NetworkManager'
oldincludedir='/usr/include'
pdfdir='${docdir}'
prefix='NONE'
program_transform_name='s,x,x,'
psdir='${docdir}'
sbindir='${exec_prefix}/sbin'
sharedstatedir='${prefix}/com'
sysconfdir='${prefix}/etc'
systemdsystemunitdir=''
target_alias=''
with_dhclient=''
with_dhcpcd=''
with_netconfig=''
with_resolvconf=''

## ----------- ##
## confdefs.h. ##
## ----------- ##

/* confdefs.h */
#define PACKAGE_NAME "NetworkManager"
#define PACKAGE_TARNAME "NetworkManager"
#define PACKAGE_VERSION "0.9.8.8"
#define PACKAGE_STRING "NetworkManager 0.9.8.8"
#define PACKAGE_BUGREPORT "http://bugzilla.gnome.org/enter_bug.cgi?product=NetworkManager"
#define PACKAGE_URL ""
#define PACKAGE "NetworkManager"
#define VERSION "0.9.8.8"
#define STDC_HEADERS 1
#define HAVE_SYS_TYPES_H 1
#define HAVE_SYS_STAT_H 1
#define HAVE_STDLIB_H 1
#define HAVE_STRING_H 1
#define HAVE_MEMORY_H 1
#define HAVE_STRINGS_H 1
#define HAVE_INTTYPES_H 1
#define HAVE_STDINT_H 1
#define HAVE_UNISTD_H 1
#define __EXTENSIONS__ 1
#define _ALL_SOURCE 1
#define _GNU_SOURCE 1
#define _POSIX_PTHREAD_SEMANTICS 1
#define _TANDEM_SOURCE 1
#define HAVE_DLFCN_H 1
#define LT_OBJDIR ".libs/"
#define STDC_HEADERS 1
#define HAVE_FCNTL_H 1
#define HAVE_PATHS_H 1
#define HAVE_SYS_IOCTL_H 1
#define HAVE_SYS_TIME_H 1
#define HAVE_SYSLOG_H 1
#define HAVE_UNISTD_H 1
#define TIME_WITH_SYS_TIME 1
#define HAVE_SELECT 1
#define HAVE_SOCKET 1
#define HAVE_UNAME 1
#define ENABLE_NLS 1
#define HAVE_GETTEXT 1
#define HAVE_DCGETTEXT 1
#define GETTEXT_PACKAGE "NetworkManager"
#define HAVE_WEXT 1
#define HAVE_VLAN_FLAG_LOOSE_BINDING 1

configure: exit 1
